<?xml version="1.0" encoding="UTF-8"?>
<!-- Generated by org.testng.reporters.JUnitReportReporter -->
<testsuite hostname="DESKTOP-U7KGGEJ" failures="0" tests="1" name="Scripts.ForeignPlayers" time="0.015" errors="0" timestamp="2022-07-13T12:59:15 IST" skipped="0">
  <testcase classname="Scripts.ForeignPlayers" name="TC" time="0.015"/>
  <system-out/>
</testsuite> <!-- Scripts.ForeignPlayers -->
